<?xml version="1.0" encoding="UTF-8"?>
<!-- Generated by org.testng.reporters.JUnitReportReporter -->
<testsuite hostname="Krishnas-MacBook-Air.local" failures="0" tests="1" name="com.qa.mobile.FirstTestNG" time="0.004" errors="0" timestamp="2021-12-05T19:46:54 IST" skipped="0">
  <testcase classname="com.qa.mobile.FirstTestNG" name="f" time="0.004"/>
  <system-out/>
</testsuite> <!-- com.qa.mobile.FirstTestNG -->
