<?xml version="1.0" encoding="UTF-8"?>
<!-- Generated by org.testng.reporters.JUnitReportReporter -->
<testsuite hostname="Krishnas-MacBook-Air.local" failures="0" tests="2" name="com.qa.tests.LoginTests" time="9.208" errors="0" timestamp="2021-12-24T06:18:23 IST" skipped="0">
  <testcase classname="com.qa.tests.LoginTests" name="successfulLogin" time="4.289"/>
  <system-out/>
  <testcase classname="com.qa.tests.LoginTests" name="invalidPassword" time="4.919"/>
  <system-out/>
</testsuite> <!-- com.qa.tests.LoginTests -->
