<?xml version="1.0" encoding="UTF-8"?>
<!-- Generated by org.testng.reporters.JUnitReportReporter -->
<testsuite hostname="Krishnas-MacBook-Air.local" failures="0" tests="2" name="com.qa.tests.ProductTests" time="22.667" errors="0" timestamp="2021-12-24T06:18:23 IST" skipped="0">
  <testcase classname="com.qa.tests.ProductTests" name="validateProductOnProductDetailsPage" time="15.648"/>
  <system-out/>
  <testcase classname="com.qa.tests.ProductTests" name="validateProductOnProductsPage" time="7.019"/>
  <system-out/>
</testsuite> <!-- com.qa.tests.ProductTests -->
